0 info it worked if it ends with ok
1 verbose cli [ 'node', '/usr/local/bin/npm', 'update', '--save' ]
2 info using npm@2.11.3
3 info using node@v0.12.7
4 silly mapToRegistry name bcrypt
5 silly mapToRegistry using default registry
6 silly mapToRegistry registry https://registry.npmjs.org/
7 silly mapToRegistry uri https://registry.npmjs.org/bcrypt
8 silly mapToRegistry name body-parser
9 silly mapToRegistry using default registry
10 silly mapToRegistry registry https://registry.npmjs.org/
11 silly mapToRegistry uri https://registry.npmjs.org/body-parser
12 silly mapToRegistry name connect-flash
13 silly mapToRegistry using default registry
14 silly mapToRegistry registry https://registry.npmjs.org/
15 silly mapToRegistry uri https://registry.npmjs.org/connect-flash
16 silly mapToRegistry name cookie-parser
17 silly mapToRegistry using default registry
18 silly mapToRegistry registry https://registry.npmjs.org/
19 silly mapToRegistry uri https://registry.npmjs.org/cookie-parser
20 silly mapToRegistry name debug
21 silly mapToRegistry using default registry
22 silly mapToRegistry registry https://registry.npmjs.org/
23 silly mapToRegistry uri https://registry.npmjs.org/debug
24 silly mapToRegistry name ejs
25 silly mapToRegistry using default registry
26 silly mapToRegistry registry https://registry.npmjs.org/
27 silly mapToRegistry uri https://registry.npmjs.org/ejs
28 silly mapToRegistry name express
29 silly mapToRegistry using default registry
30 silly mapToRegistry registry https://registry.npmjs.org/
31 silly mapToRegistry uri https://registry.npmjs.org/express
32 silly mapToRegistry name express-session
33 silly mapToRegistry using default registry
34 silly mapToRegistry registry https://registry.npmjs.org/
35 silly mapToRegistry uri https://registry.npmjs.org/express-session
36 silly mapToRegistry name mongoose
37 silly mapToRegistry using default registry
38 silly mapToRegistry registry https://registry.npmjs.org/
39 silly mapToRegistry uri https://registry.npmjs.org/mongoose
40 silly mapToRegistry name morgan
41 silly mapToRegistry using default registry
42 silly mapToRegistry registry https://registry.npmjs.org/
43 silly mapToRegistry uri https://registry.npmjs.org/morgan
44 silly mapToRegistry name passport
45 silly mapToRegistry using default registry
46 silly mapToRegistry registry https://registry.npmjs.org/
47 silly mapToRegistry uri https://registry.npmjs.org/passport
48 silly mapToRegistry name passport-local
49 silly mapToRegistry using default registry
50 silly mapToRegistry registry https://registry.npmjs.org/
51 silly mapToRegistry uri https://registry.npmjs.org/passport-local
52 silly mapToRegistry name serve-favicon
53 silly mapToRegistry using default registry
54 silly mapToRegistry registry https://registry.npmjs.org/
55 silly mapToRegistry uri https://registry.npmjs.org/serve-favicon
56 verbose request uri https://registry.npmjs.org/bcrypt
57 verbose request no auth needed
58 info attempt registry request try #1 at 10:38:01 PM
59 verbose request id dab1ced5cf694033
60 verbose etag "1Q1HW80WXTVI8LHN89S7LXSU0"
61 http request GET https://registry.npmjs.org/bcrypt
62 verbose request uri https://registry.npmjs.org/body-parser
63 verbose request no auth needed
64 info attempt registry request try #1 at 10:38:01 PM
65 verbose etag "6FCHYAC6NAF1MURHAEN0Q74FO"
66 http request GET https://registry.npmjs.org/body-parser
67 verbose request uri https://registry.npmjs.org/cookie-parser
68 verbose request no auth needed
69 info attempt registry request try #1 at 10:38:01 PM
70 verbose etag "8KTWLVZYAI3Q0U9WQ3ILKBR8B"
71 http request GET https://registry.npmjs.org/cookie-parser
72 verbose request uri https://registry.npmjs.org/connect-flash
73 verbose request no auth needed
74 info attempt registry request try #1 at 10:38:02 PM
75 verbose etag "8OIE9E7U3EAABI4GEC460BZKC"
76 http request GET https://registry.npmjs.org/connect-flash
77 verbose request uri https://registry.npmjs.org/ejs
78 verbose request no auth needed
79 info attempt registry request try #1 at 10:38:02 PM
80 verbose etag "24XIMZ58Q6L295YCKAPSYD8FB"
81 http request GET https://registry.npmjs.org/ejs
82 verbose request uri https://registry.npmjs.org/express-session
83 verbose request no auth needed
84 info attempt registry request try #1 at 10:38:02 PM
85 verbose etag "B02YWZD382WL0B7VZCFAT85EQ"
86 http request GET https://registry.npmjs.org/express-session
87 verbose request uri https://registry.npmjs.org/debug
88 verbose request no auth needed
89 info attempt registry request try #1 at 10:38:02 PM
90 verbose etag "1KHGVD8LZ5RR55IYXSKGGMWF4"
91 http request GET https://registry.npmjs.org/debug
92 verbose request uri https://registry.npmjs.org/express
93 verbose request no auth needed
94 info attempt registry request try #1 at 10:38:02 PM
95 verbose etag "1BYT1G8QXN14ENWWISQQPNRDL"
96 http request GET https://registry.npmjs.org/express
97 verbose request uri https://registry.npmjs.org/morgan
98 verbose request no auth needed
99 info attempt registry request try #1 at 10:38:02 PM
100 verbose etag "CC7HNQBRSKA1GPGCUI87E0J34"
101 http request GET https://registry.npmjs.org/morgan
102 verbose request uri https://registry.npmjs.org/passport
103 verbose request no auth needed
104 info attempt registry request try #1 at 10:38:02 PM
105 verbose etag "EFNQDBPF0F0ZBN2Q1611VJQRN"
106 http request GET https://registry.npmjs.org/passport
107 verbose request uri https://registry.npmjs.org/mongoose
108 verbose request no auth needed
109 info attempt registry request try #1 at 10:38:02 PM
110 verbose etag "84U0DJG05N1WSM3309R129KT3"
111 http request GET https://registry.npmjs.org/mongoose
112 verbose request uri https://registry.npmjs.org/passport-local
113 verbose request no auth needed
114 info attempt registry request try #1 at 10:38:02 PM
115 verbose etag "75NN66H91I7OAZCM7SD72KUSB"
116 http request GET https://registry.npmjs.org/passport-local
117 verbose request uri https://registry.npmjs.org/serve-favicon
118 verbose request no auth needed
119 info attempt registry request try #1 at 10:38:02 PM
120 verbose etag "5TG3NAWC5FTNYEAABS1T0U5R8"
121 http request GET https://registry.npmjs.org/serve-favicon
122 http 304 https://registry.npmjs.org/body-parser
123 silly get cb [ 304,
123 silly get   { date: 'Fri, 24 Jul 2015 15:38:02 GMT',
123 silly get     via: '1.1 varnish',
123 silly get     'cache-control': 'max-age=60',
123 silly get     etag: '"6FCHYAC6NAF1MURHAEN0Q74FO"',
123 silly get     age: '54',
123 silly get     connection: 'keep-alive',
123 silly get     'x-served-by': 'cache-sin6922-SIN',
123 silly get     'x-cache': 'HIT',
123 silly get     'x-cache-hits': '60',
123 silly get     'x-timer': 'S1437752282.335814,VS0,VE0',
123 silly get     vary: 'Accept' } ]
124 verbose etag https://registry.npmjs.org/body-parser from cache
125 verbose get saving body-parser to /Users/RatchyZanko/.npm/registry.npmjs.org/body-parser/.cache.json
126 http 304 https://registry.npmjs.org/cookie-parser
127 silly get cb [ 304,
127 silly get   { date: 'Fri, 24 Jul 2015 15:38:02 GMT',
127 silly get     via: '1.1 varnish',
127 silly get     'cache-control': 'max-age=60',
127 silly get     etag: '"8KTWLVZYAI3Q0U9WQ3ILKBR8B"',
127 silly get     age: '47',
127 silly get     connection: 'keep-alive',
127 silly get     'x-served-by': 'cache-sin6921-SIN',
127 silly get     'x-cache': 'HIT',
127 silly get     'x-cache-hits': '17',
127 silly get     'x-timer': 'S1437752282.345196,VS0,VE0',
127 silly get     vary: 'Accept' } ]
128 verbose etag https://registry.npmjs.org/cookie-parser from cache
129 verbose get saving cookie-parser to /Users/RatchyZanko/.npm/registry.npmjs.org/cookie-parser/.cache.json
130 http 304 https://registry.npmjs.org/express-session
131 silly get cb [ 304,
131 silly get   { date: 'Fri, 24 Jul 2015 15:38:02 GMT',
131 silly get     via: '1.1 varnish',
131 silly get     'cache-control': 'max-age=60',
131 silly get     etag: '"B02YWZD382WL0B7VZCFAT85EQ"',
131 silly get     age: '42',
131 silly get     connection: 'keep-alive',
131 silly get     'x-served-by': 'cache-sin6921-SIN',
131 silly get     'x-cache': 'HIT',
131 silly get     'x-cache-hits': '10',
131 silly get     'x-timer': 'S1437752282.356445,VS0,VE0',
131 silly get     vary: 'Accept' } ]
132 verbose etag https://registry.npmjs.org/express-session from cache
133 verbose get saving express-session to /Users/RatchyZanko/.npm/registry.npmjs.org/express-session/.cache.json
134 http 304 https://registry.npmjs.org/passport
135 silly get cb [ 304,
135 silly get   { date: 'Fri, 24 Jul 2015 15:38:02 GMT',
135 silly get     via: '1.1 varnish',
135 silly get     'cache-control': 'max-age=60',
135 silly get     etag: '"EFNQDBPF0F0ZBN2Q1611VJQRN"',
135 silly get     age: '21',
135 silly get     connection: 'keep-alive',
135 silly get     'x-served-by': 'cache-sin6924-SIN',
135 silly get     'x-cache': 'HIT',
135 silly get     'x-cache-hits': '1',
135 silly get     'x-timer': 'S1437752282.372233,VS0,VE0',
135 silly get     vary: 'Accept' } ]
136 verbose etag https://registry.npmjs.org/passport from cache
137 verbose get saving passport to /Users/RatchyZanko/.npm/registry.npmjs.org/passport/.cache.json
138 http 304 https://registry.npmjs.org/passport-local
139 silly get cb [ 304,
139 silly get   { date: 'Fri, 24 Jul 2015 15:38:02 GMT',
139 silly get     via: '1.1 varnish',
139 silly get     'cache-control': 'max-age=60',
139 silly get     etag: '"75NN66H91I7OAZCM7SD72KUSB"',
139 silly get     age: '21',
139 silly get     connection: 'keep-alive',
139 silly get     'x-served-by': 'cache-sin6927-SIN',
139 silly get     'x-cache': 'HIT',
139 silly get     'x-cache-hits': '1',
139 silly get     'x-timer': 'S1437752282.376448,VS0,VE0',
139 silly get     vary: 'Accept' } ]
140 verbose etag https://registry.npmjs.org/passport-local from cache
141 verbose get saving passport-local to /Users/RatchyZanko/.npm/registry.npmjs.org/passport-local/.cache.json
142 http 304 https://registry.npmjs.org/serve-favicon
143 silly get cb [ 304,
143 silly get   { date: 'Fri, 24 Jul 2015 15:38:02 GMT',
143 silly get     via: '1.1 varnish',
143 silly get     'cache-control': 'max-age=60',
143 silly get     etag: '"5TG3NAWC5FTNYEAABS1T0U5R8"',
143 silly get     age: '18',
143 silly get     connection: 'keep-alive',
143 silly get     'x-served-by': 'cache-sin6920-SIN',
143 silly get     'x-cache': 'HIT',
143 silly get     'x-cache-hits': '2',
143 silly get     'x-timer': 'S1437752282.380813,VS0,VE0',
143 silly get     vary: 'Accept' } ]
144 verbose etag https://registry.npmjs.org/serve-favicon from cache
145 verbose get saving serve-favicon to /Users/RatchyZanko/.npm/registry.npmjs.org/serve-favicon/.cache.json
146 http 304 https://registry.npmjs.org/morgan
147 silly get cb [ 304,
147 silly get   { date: 'Fri, 24 Jul 2015 15:38:02 GMT',
147 silly get     via: '1.1 varnish',
147 silly get     'cache-control': 'max-age=60',
147 silly get     etag: '"CC7HNQBRSKA1GPGCUI87E0J34"',
147 silly get     age: '22',
147 silly get     connection: 'keep-alive',
147 silly get     'x-served-by': 'cache-sin6922-SIN',
147 silly get     'x-cache': 'HIT',
147 silly get     'x-cache-hits': '2',
147 silly get     'x-timer': 'S1437752282.380156,VS0,VE0',
147 silly get     vary: 'Accept' } ]
148 verbose etag https://registry.npmjs.org/morgan from cache
149 verbose get saving morgan to /Users/RatchyZanko/.npm/registry.npmjs.org/morgan/.cache.json
150 http 200 https://registry.npmjs.org/bcrypt
151 silly get cb [ 200,
151 silly get   { server: 'CouchDB/1.5.0 (Erlang OTP/R16B03)',
151 silly get     etag: '"6CGOC6MWKHDSCFLUP5CJ95FOT"',
151 silly get     'content-type': 'application/json',
151 silly get     'cache-control': 'max-age=60',
151 silly get     'content-length': '68595',
151 silly get     'accept-ranges': 'bytes',
151 silly get     date: 'Fri, 24 Jul 2015 15:38:02 GMT',
151 silly get     via: '1.1 varnish',
151 silly get     age: '14',
151 silly get     connection: 'keep-alive',
151 silly get     'x-served-by': 'cache-sin6920-SIN',
151 silly get     'x-cache': 'HIT',
151 silly get     'x-cache-hits': '1',
151 silly get     'x-timer': 'S1437752282.337158,VS0,VE0',
151 silly get     vary: 'Accept' } ]
152 verbose get saving bcrypt to /Users/RatchyZanko/.npm/registry.npmjs.org/bcrypt/.cache.json
153 http 200 https://registry.npmjs.org/debug
154 silly get cb [ 200,
154 silly get   { server: 'CouchDB/1.5.0 (Erlang OTP/R16B03)',
154 silly get     etag: '"4NUBL3LGZGQYG93U6X9ULNCG6"',
154 silly get     'content-type': 'application/json',
154 silly get     'cache-control': 'max-age=60',
154 silly get     'content-length': '35039',
154 silly get     'accept-ranges': 'bytes',
154 silly get     date: 'Fri, 24 Jul 2015 15:38:02 GMT',
154 silly get     via: '1.1 varnish',
154 silly get     age: '18',
154 silly get     connection: 'keep-alive',
154 silly get     'x-served-by': 'cache-sin6923-SIN',
154 silly get     'x-cache': 'HIT',
154 silly get     'x-cache-hits': '2',
154 silly get     'x-timer': 'S1437752282.342359,VS0,VE0',
154 silly get     vary: 'Accept' } ]
155 verbose get saving debug to /Users/RatchyZanko/.npm/registry.npmjs.org/debug/.cache.json
156 http 200 https://registry.npmjs.org/connect-flash
157 silly get cb [ 200,
157 silly get   { server: 'CouchDB/1.5.0 (Erlang OTP/R16B03)',
157 silly get     etag: '"AFQRY3SBV4TL1UUII5W8SPMUM"',
157 silly get     'content-type': 'application/json',
157 silly get     'cache-control': 'max-age=60',
157 silly get     'content-length': '5731',
157 silly get     'accept-ranges': 'bytes',
157 silly get     date: 'Fri, 24 Jul 2015 15:38:02 GMT',
157 silly get     via: '1.1 varnish',
157 silly get     age: '0',
157 silly get     connection: 'keep-alive',
157 silly get     'x-served-by': 'cache-sin6923-SIN',
157 silly get     'x-cache': 'HIT',
157 silly get     'x-cache-hits': '1',
157 silly get     'x-timer': 'S1437752282.333015,VS0,VE251',
157 silly get     vary: 'Accept' } ]
158 verbose get saving connect-flash to /Users/RatchyZanko/.npm/registry.npmjs.org/connect-flash/.cache.json
159 http 200 https://registry.npmjs.org/express
160 silly get cb [ 200,
160 silly get   { server: 'CouchDB/1.5.0 (Erlang OTP/R16B03)',
160 silly get     etag: '"20UU2NVSRCWUUKZXWHYRS39D7"',
160 silly get     'content-type': 'application/json',
160 silly get     'cache-control': 'max-age=60',
160 silly get     'content-length': '515963',
160 silly get     'accept-ranges': 'bytes',
160 silly get     date: 'Fri, 24 Jul 2015 15:38:02 GMT',
160 silly get     via: '1.1 varnish',
160 silly get     age: '55',
160 silly get     connection: 'keep-alive',
160 silly get     'x-served-by': 'cache-sin6924-SIN',
160 silly get     'x-cache': 'HIT',
160 silly get     'x-cache-hits': '3',
160 silly get     'x-timer': 'S1437752282.362904,VS0,VE0',
160 silly get     vary: 'Accept' } ]
161 verbose get saving express to /Users/RatchyZanko/.npm/registry.npmjs.org/express/.cache.json
162 http 304 https://registry.npmjs.org/ejs
163 silly get cb [ 304,
163 silly get   { date: 'Fri, 24 Jul 2015 15:38:02 GMT',
163 silly get     via: '1.1 varnish',
163 silly get     'cache-control': 'max-age=60',
163 silly get     etag: '"24XIMZ58Q6L295YCKAPSYD8FB"',
163 silly get     age: '0',
163 silly get     connection: 'keep-alive',
163 silly get     'x-served-by': 'cache-sin6922-SIN',
163 silly get     'x-cache': 'HIT',
163 silly get     'x-cache-hits': '1',
163 silly get     'x-timer': 'S1437752282.346915,VS0,VE857',
163 silly get     vary: 'Accept' } ]
164 verbose etag https://registry.npmjs.org/ejs from cache
165 verbose get saving ejs to /Users/RatchyZanko/.npm/registry.npmjs.org/ejs/.cache.json
166 http 200 https://registry.npmjs.org/mongoose
167 silly get cb [ 200,
167 silly get   { server: 'CouchDB/1.5.0 (Erlang OTP/R16B03)',
167 silly get     etag: '"DT9SHMI5GB9VDDYHCE2CB3VF1"',
167 silly get     'content-type': 'application/json',
167 silly get     'cache-control': 'max-age=60',
167 silly get     'content-length': '341555',
167 silly get     'accept-ranges': 'bytes',
167 silly get     date: 'Fri, 24 Jul 2015 15:38:03 GMT',
167 silly get     via: '1.1 varnish',
167 silly get     age: '0',
167 silly get     connection: 'keep-alive',
167 silly get     'x-served-by': 'cache-sin6927-SIN',
167 silly get     'x-cache': 'HIT',
167 silly get     'x-cache-hits': '1',
167 silly get     'x-timer': 'S1437752282.367560,VS0,VE995',
167 silly get     vary: 'Accept' } ]
168 verbose get saving mongoose to /Users/RatchyZanko/.npm/registry.npmjs.org/mongoose/.cache.json
169 info outdated updating [ [ '/Users/RatchyZanko/Documents/AppleCompanyWebsite',
169 info outdated     'mongoose',
169 info outdated     '4.0.8',
169 info outdated     '4.1.0',
169 info outdated     '4.1.0',
169 info outdated     '^4.0.8' ] ]
170 verbose install where, what [ '/Users/RatchyZanko/Documents/AppleCompanyWebsite',
170 verbose install   [ 'mongoose@4.1.0' ] ]
171 verbose install initial load of /Users/RatchyZanko/Documents/AppleCompanyWebsite/package.json
172 verbose installManyTop reading scoped package data from /Users/RatchyZanko/Documents/AppleCompanyWebsite/node_modules/bcrypt/package.json
173 verbose installManyTop reading scoped package data from /Users/RatchyZanko/Documents/AppleCompanyWebsite/node_modules/body-parser/package.json
174 verbose installManyTop reading scoped package data from /Users/RatchyZanko/Documents/AppleCompanyWebsite/node_modules/connect-flash/package.json
175 verbose installManyTop reading scoped package data from /Users/RatchyZanko/Documents/AppleCompanyWebsite/node_modules/cookie-parser/package.json
176 verbose installManyTop reading scoped package data from /Users/RatchyZanko/Documents/AppleCompanyWebsite/node_modules/debug/package.json
177 verbose installManyTop reading scoped package data from /Users/RatchyZanko/Documents/AppleCompanyWebsite/node_modules/ejs/package.json
178 verbose installManyTop reading scoped package data from /Users/RatchyZanko/Documents/AppleCompanyWebsite/node_modules/express/package.json
179 verbose installManyTop reading scoped package data from /Users/RatchyZanko/Documents/AppleCompanyWebsite/node_modules/express-session/package.json
180 verbose installManyTop reading scoped package data from /Users/RatchyZanko/Documents/AppleCompanyWebsite/node_modules/jquery/package.json
181 verbose installManyTop reading scoped package data from /Users/RatchyZanko/Documents/AppleCompanyWebsite/node_modules/mongoose/package.json
182 verbose installManyTop reading scoped package data from /Users/RatchyZanko/Documents/AppleCompanyWebsite/node_modules/morgan/package.json
183 verbose installManyTop reading scoped package data from /Users/RatchyZanko/Documents/AppleCompanyWebsite/node_modules/passport/package.json
184 verbose installManyTop reading scoped package data from /Users/RatchyZanko/Documents/AppleCompanyWebsite/node_modules/passport-local/package.json
185 verbose installManyTop reading scoped package data from /Users/RatchyZanko/Documents/AppleCompanyWebsite/node_modules/serve-favicon/package.json
186 verbose readDependencies loading dependencies from /Users/RatchyZanko/Documents/AppleCompanyWebsite/package.json
187 silly cache add args [ 'mongoose@4.1.0', null ]
188 verbose cache add spec mongoose@4.1.0
189 silly cache add parsed spec { raw: 'mongoose@4.1.0',
189 silly cache add   scope: null,
189 silly cache add   name: 'mongoose',
189 silly cache add   rawSpec: '4.1.0',
189 silly cache add   spec: '4.1.0',
189 silly cache add   type: 'version' }
190 silly addNamed mongoose@4.1.0
191 verbose addNamed "4.1.0" is a plain semver version for mongoose
192 silly mapToRegistry name mongoose
193 silly mapToRegistry using default registry
194 silly mapToRegistry registry https://registry.npmjs.org/
195 silly mapToRegistry uri https://registry.npmjs.org/mongoose
196 verbose addNameVersion registry:https://registry.npmjs.org/mongoose not in flight; fetching
197 verbose get https://registry.npmjs.org/mongoose not expired, no request
198 silly mapToRegistry name mongoose
199 silly mapToRegistry using default registry
200 silly mapToRegistry registry https://registry.npmjs.org/
201 silly mapToRegistry uri https://registry.npmjs.org/mongoose
202 verbose addRemoteTarball https://registry.npmjs.org/mongoose/-/mongoose-4.1.0.tgz not in flight; adding
203 verbose addRemoteTarball [ 'https://registry.npmjs.org/mongoose/-/mongoose-4.1.0.tgz',
203 verbose addRemoteTarball   'bed1240a2940556910103e6bb6afd1d41beb2aba' ]
204 info retry fetch attempt 1 at 10:38:04 PM
205 info attempt registry request try #1 at 10:38:04 PM
206 http fetch GET https://registry.npmjs.org/mongoose/-/mongoose-4.1.0.tgz
207 http fetch 200 https://registry.npmjs.org/mongoose/-/mongoose-4.1.0.tgz
208 silly fetchAndShaCheck shasum bed1240a2940556910103e6bb6afd1d41beb2aba
209 verbose addTmpTarball /var/folders/qj/q4p54t6n4v9_79c4skkvdz6h0000gn/T/npm-1251-017abf10/registry.npmjs.org/mongoose/-/mongoose-4.1.0.tgz not in flight; adding
210 verbose addTmpTarball already have metadata; skipping unpack for mongoose@4.1.0
211 silly cache afterAdd mongoose@4.1.0
212 verbose afterAdd /Users/RatchyZanko/.npm/mongoose/4.1.0/package/package.json not in flight; writing
213 verbose afterAdd /Users/RatchyZanko/.npm/mongoose/4.1.0/package/package.json written
214 silly install resolved [ { name: 'mongoose',
214 silly install resolved     description: 'Mongoose MongoDB ODM',
214 silly install resolved     version: '4.1.0',
214 silly install resolved     author: { name: 'Guillermo Rauch', email: 'guillermo@learnboost.com' },
214 silly install resolved     keywords:
214 silly install resolved      [ 'mongodb',
214 silly install resolved        'document',
214 silly install resolved        'model',
214 silly install resolved        'schema',
214 silly install resolved        'database',
214 silly install resolved        'odm',
214 silly install resolved        'data',
214 silly install resolved        'datastore',
214 silly install resolved        'query',
214 silly install resolved        'nosql',
214 silly install resolved        'orm',
214 silly install resolved        'db' ],
214 silly install resolved     license: 'MIT',
214 silly install resolved     dependencies:
214 silly install resolved      { async: '0.9.0',
214 silly install resolved        bson: '~0.3',
214 silly install resolved        'hooks-fixed': '1.1.0',
214 silly install resolved        kareem: '1.0.1',
214 silly install resolved        mongodb: '2.0.34',
214 silly install resolved        mpath: '0.1.1',
214 silly install resolved        mpromise: '0.5.4',
214 silly install resolved        mquery: '1.6.1',
214 silly install resolved        ms: '0.1.0',
214 silly install resolved        muri: '1.0.0',
214 silly install resolved        'regexp-clone': '0.0.1',
214 silly install resolved        sliced: '0.0.5' },
214 silly install resolved     devDependencies:
214 silly install resolved      { acquit: '0.0.3',
214 silly install resolved        benchmark: '1.0.0',
214 silly install resolved        bluebird: '2.9.34',
214 silly install resolved        co: '3.1.0',
214 silly install resolved        dox: '0.3.1',
214 silly install resolved        'highlight.js': '7.0.1',
214 silly install resolved        jade: '0.26.3',
214 silly install resolved        markdown: '0.3.1',
214 silly install resolved        marked: '0.3.2',
214 silly install resolved        mocha: '1.20.0',
214 silly install resolved        'node-static': '0.5.9',
214 silly install resolved        open: '0.0.3',
214 silly install resolved        q: '1.4.1',
214 silly install resolved        tbd: '0.6.4',
214 silly install resolved        'uglify-js': '2.4.15',
214 silly install resolved        underscore: '1.5.2',
214 silly install resolved        istanbul: '^0.3.13' },
214 silly install resolved     browserDependencies:
214 silly install resolved      { browserify: '4.1.10',
214 silly install resolved        karma: '0.12.16',
214 silly install resolved        'karma-chai': '0.1.0',
214 silly install resolved        'karma-mocha': '0.1.4',
214 silly install resolved        'karma-chrome-launcher': '0.1.4',
214 silly install resolved        'karma-sauce-launcher': '0.2.8' },
214 silly install resolved     directories: { lib: './lib/mongoose' },
214 silly install resolved     scripts:
214 silly install resolved      { 'install-browser': 'npm install `node format_deps.js`',
214 silly install resolved        test: 'set MONGOOSE_DISABLE_STABILITY_WARNING=1 && mocha --async-only test/*.test.js',
214 silly install resolved        'test-cov': 'set MONGOOSE_DISABLE_STABILITY_WARNING=1 && node_modules/.bin/istanbul cover node_modules/.bin/_mocha --async-only test/*.test.js' },
214 silly install resolved     main: './index.js',
214 silly install resolved     engines: { node: '>=0.6.19' },
214 silly install resolved     bugs:
214 silly install resolved      { url: 'https://github.com/Automattic/mongoose/issues/new',
214 silly install resolved        email: 'mongoose-orm@googlegroups.com' },
214 silly install resolved     repository: { type: 'git', url: 'git://github.com/Automattic/mongoose.git' },
214 silly install resolved     homepage: 'http://mongoosejs.com',
214 silly install resolved     browser: 'lib/browser.js',
214 silly install resolved     gitHead: '709a006ff6c497101307841905dd7cd8e25efa70',
214 silly install resolved     _id: 'mongoose@4.1.0',
214 silly install resolved     _shasum: 'bed1240a2940556910103e6bb6afd1d41beb2aba',
214 silly install resolved     _from: 'mongoose@4.1.0',
214 silly install resolved     _npmVersion: '2.9.1',
214 silly install resolved     _nodeVersion: '0.12.3',
214 silly install resolved     _npmUser: { name: 'vkarpov15', email: 'val@karpov.io' },
214 silly install resolved     dist:
214 silly install resolved      { shasum: 'bed1240a2940556910103e6bb6afd1d41beb2aba',
214 silly install resolved        tarball: 'http://registry.npmjs.org/mongoose/-/mongoose-4.1.0.tgz' },
214 silly install resolved     maintainers: [ [Object], [Object], [Object], [Object], [Object] ],
214 silly install resolved     _resolved: 'https://registry.npmjs.org/mongoose/-/mongoose-4.1.0.tgz' } ]
215 info install mongoose@4.1.0 into /Users/RatchyZanko/Documents/AppleCompanyWebsite
216 info installOne mongoose@4.1.0
217 verbose installOne of mongoose to /Users/RatchyZanko/Documents/AppleCompanyWebsite not in flight; installing
218 warn locking Error: EACCES, open '/Users/RatchyZanko/.npm/_locks/mongoose-94b56c2a94565ad1.lock'
218 warn locking     at Error (native)
218 warn locking  /Users/RatchyZanko/.npm/_locks/mongoose-94b56c2a94565ad1.lock failed { [Error: EACCES, open '/Users/RatchyZanko/.npm/_locks/mongoose-94b56c2a94565ad1.lock']
218 warn locking   errno: -13,
218 warn locking   code: 'EACCES',
218 warn locking   path: '/Users/RatchyZanko/.npm/_locks/mongoose-94b56c2a94565ad1.lock' }
219 verbose stack Error: Attempt to unlock /Users/RatchyZanko/Documents/AppleCompanyWebsite/node_modules/mongoose, which hasn't been locked
219 verbose stack     at unlock (/usr/local/lib/node_modules/npm/lib/utils/locker.js:66:11)
219 verbose stack     at cb (/usr/local/lib/node_modules/npm/lib/install.js:1017:5)
219 verbose stack     at /usr/local/lib/node_modules/npm/lib/install.js:1021:20
219 verbose stack     at /usr/local/lib/node_modules/npm/lib/utils/locker.js:40:9
219 verbose stack     at cb (/usr/local/lib/node_modules/npm/node_modules/lockfile/lockfile.js:149:38)
219 verbose stack     at /usr/local/lib/node_modules/npm/node_modules/lockfile/lockfile.js:177:38
219 verbose stack     at FSReqWrap.oncomplete (fs.js:95:15)
220 verbose cwd /Users/RatchyZanko/Documents/AppleCompanyWebsite
221 error Darwin 14.3.0
222 error argv "node" "/usr/local/bin/npm" "update" "--save"
223 error node v0.12.7
224 error npm  v2.11.3
225 error Attempt to unlock /Users/RatchyZanko/Documents/AppleCompanyWebsite/node_modules/mongoose, which hasn't been locked
226 error If you need help, you may report this error at:
226 error     <https://github.com/npm/npm/issues>
227 verbose exit [ 1, true ]
